Vivado Simulator 2017.4
Time resolution is 1 ps
                   0 PC->next => 0xxxxxxxxx
                   0 ROM->addr => 0xxxxxxxxx
                   0 ROM->ins  => 0xxxxxxxxx
                   0 CU->cond => x
                   0 CU->pc_next_select => xx
                   0 Reg->waddr =>  x
                   0 Reg->wdata => 0xxxxxxxxx
                   0 ALU->a => 0xxxxxxxxx	->b => 0xxxxxxxxx
                   0 ALU->f => 0xxxxxxxxx
                   0 RAM->we => x	->mm => xxx	->addr => 0x000000xx	->raw_wdata => 0xxxxxxxxx
                   0 Screen->data => 0xxxxxxxxx
                $$$$$$$$$$$$$$$$$$$$$$$$$$$$$$$$$$$$$$$$
                   5 ROM->addr => 0x00000000
                   5 PC->next => 0x00000004
                   5 ROM->ins  => 0xffe00093
                   5 Reg->waddr =>  1
                   5 CU->pc_next_select => 00
                   5 RAM->we => 0	->mm => 000	->addr => 0x0000003e	->raw_wdata => 0xxxxxxxxx
                   5 ALU->a => 0x00000000	->b => 0xfffffffe
                   5 ALU->f => 0xfffffffe
                   5 CU->cond => 0
                   5 Reg->wdata => 0xfffffffe
                $$$$$$$$$$$$$$$$$$$$$$$$$$$$$$$$$$$$$$$$
                  15 ROM->addr => 0x00000004
                  15 PC->next => 0x00000008
                  15 ROM->ins  => 0x00600113
                  15 Reg->waddr =>  2
                  15 ALU->a => 0x00000000	->b => 0x00000006
                  15 ALU->f => 0x00000006
                  15 RAM->we => 0	->mm => 000	->addr => 0x00000006	->raw_wdata => 0xxxxxxxxx
                  15 Reg->wdata => 0x00000006
                $$$$$$$$$$$$$$$$$$$$$$$$$$$$$$$$$$$$$$$$
                  25 ROM->addr => 0x00000008
                  25 PC->next => 0x0000000c
                  25 ROM->ins  => 0x002081b3
                  25 Reg->waddr =>  3
                  25 ALU->a => 0xfffffffe	->b => 0x00000006
                  25 RAM->we => 0	->mm => 000	->addr => 0x00000004	->raw_wdata => 0x00000006
                  25 ALU->f => 0x00000004
                  25 Reg->wdata => 0x00000004
                $$$$$$$$$$$$$$$$$$$$$$$$$$$$$$$$$$$$$$$$
                  35 ROM->addr => 0x0000000c
                  35 PC->next => 0x00000010
                  35 ROM->ins  => 0x40208233
                  35 Reg->waddr =>  4
                  35 ALU->f => 0xfffffff8
                  35 RAM->we => 0	->mm => 000	->addr => 0x00000038	->raw_wdata => 0x00000006
                  35 Reg->wdata => 0xfffffff8
                $$$$$$$$$$$$$$$$$$$$$$$$$$$$$$$$$$$$$$$$
                  45 ROM->addr => 0x00000010
                  45 PC->next => 0x00000014
                  45 ROM->ins  => 0x0020f2b3
                  45 Reg->waddr =>  5
                  45 ALU->f => 0x00000006
                  45 RAM->we => 0	->mm => 000	->addr => 0x00000006	->raw_wdata => 0x00000006
                  45 Reg->wdata => 0x00000006
                $$$$$$$$$$$$$$$$$$$$$$$$$$$$$$$$$$$$$$$$
                  55 ROM->addr => 0x00000014
                  55 PC->next => 0x00000018
                  55 ROM->ins  => 0x0020e333
                  55 Reg->waddr =>  6
                  55 ALU->f => 0xfffffffe
                  55 RAM->we => 0	->mm => 000	->addr => 0x0000003e	->raw_wdata => 0x00000006
                  55 Reg->wdata => 0xfffffffe
                $$$$$$$$$$$$$$$$$$$$$$$$$$$$$$$$$$$$$$$$
                  65 ROM->addr => 0x00000018
                  65 PC->next => 0x0000001c
                  65 ROM->ins  => 0x0020c3b3
                  65 Reg->waddr =>  7
                  65 ALU->f => 0xfffffff8
                  65 RAM->we => 0	->mm => 000	->addr => 0x00000038	->raw_wdata => 0x00000006
                  65 Reg->wdata => 0xfffffff8
                $$$$$$$$$$$$$$$$$$$$$$$$$$$$$$$$$$$$$$$$
                  75 ROM->addr => 0x0000001c
                  75 PC->next => 0x00000020
                  75 ROM->ins  => 0x00209433
                  75 Reg->waddr =>  8
                  75 ALU->f => 0xffffff80
                  75 RAM->we => 0	->mm => 000	->addr => 0x00000000	->raw_wdata => 0x00000006
                  75 Reg->wdata => 0xffffff80
                $$$$$$$$$$$$$$$$$$$$$$$$$$$$$$$$$$$$$$$$
                  85 ROM->addr => 0x00000020
                  85 PC->next => 0x00000024
                  85 ROM->ins  => 0x0020d4b3
                  85 Reg->waddr =>  9
                  85 ALU->f => 0x03ffffff
                  85 RAM->we => 0	->mm => 000	->addr => 0x0000003f	->raw_wdata => 0x00000006
                  85 Reg->wdata => 0x03ffffff
                $$$$$$$$$$$$$$$$$$$$$$$$$$$$$$$$$$$$$$$$
                  95 ROM->addr => 0x00000024
                  95 PC->next => 0x00000028
                  95 ROM->ins  => 0x4020d533
                  95 Reg->waddr => 10
                  95 ALU->f => 0xffffffff
                  95 Reg->wdata => 0xffffffff
                $$$$$$$$$$$$$$$$$$$$$$$$$$$$$$$$$$$$$$$$
                 105 ROM->addr => 0x00000028
                 105 PC->next => 0x0000002c
                 105 ROM->ins  => 0x0020a5b3
                 105 Reg->waddr => 11
                 105 ALU->f => 0x00000001
                 105 RAM->we => 0	->mm => 000	->addr => 0x00000001	->raw_wdata => 0x00000006
                 105 Reg->wdata => 0x00000001
                $$$$$$$$$$$$$$$$$$$$$$$$$$$$$$$$$$$$$$$$
                 115 ROM->addr => 0x0000002c
                 115 PC->next => 0x00000030
                 115 ROM->ins  => 0x0020a633
                 115 Reg->waddr => 12
                $$$$$$$$$$$$$$$$$$$$$$$$$$$$$$$$$$$$$$$$
                 125 ROM->addr => 0x00000030
                 125 PC->next => 0x00000034
                 125 ROM->ins  => 0x0020b6b3
                 125 Reg->waddr => 13
                $$$$$$$$$$$$$$$$$$$$$$$$$$$$$$$$$$$$$$$$
                 135 ROM->addr => 0x00000034
                 135 PC->next => 0x00000038
                 135 ROM->ins  => 0x0020b733
                 135 Reg->waddr => 14
                $$$$$$$$$$$$$$$$$$$$$$$$$$$$$$$$$$$$$$$$
                 145 ROM->addr => 0x00000038
                 145 PC->next => 0x0000003c
                 145 ROM->ins  => 0x00000000
                 145 Reg->waddr =>  0
                 145 ALU->a => 0x00000000	->b => 0x00000000
                 145 RAM->we => 0	->mm => 000	->addr => 0x00000000	->raw_wdata => 0x00000000
                 145 ALU->f => 0x00000000
                 145 CU->cond => 1
                 145 Reg->wdata => 0x00000000
                $$$$$$$$$$$$$$$$$$$$$$$$$$$$$$$$$$$$$$$$
                 155 ROM->addr => 0x0000003c
                 155 PC->next => 0x00000040
                $$$$$$$$$$$$$$$$$$$$$$$$$$$$$$$$$$$$$$$$
                 165 ROM->addr => 0x00000040
                 165 PC->next => 0x00000044
                $$$$$$$$$$$$$$$$$$$$$$$$$$$$$$$$$$$$$$$$
                 175 ROM->addr => 0x00000044
                 175 PC->next => 0x00000048
                $$$$$$$$$$$$$$$$$$$$$$$$$$$$$$$$$$$$$$$$
                 185 ROM->addr => 0x00000048
                 185 PC->next => 0x0000004c
                $$$$$$$$$$$$$$$$$$$$$$$$$$$$$$$$$$$$$$$$
                 195 ROM->addr => 0x0000004c
                 195 PC->next => 0x00000050
                $$$$$$$$$$$$$$$$$$$$$$$$$$$$$$$$$$$$$$$$
                 205 ROM->addr => 0x00000050
                 205 PC->next => 0x00000054
                $$$$$$$$$$$$$$$$$$$$$$$$$$$$$$$$$$$$$$$$
                 215 ROM->addr => 0x00000054
                 215 PC->next => 0x00000058
                $$$$$$$$$$$$$$$$$$$$$$$$$$$$$$$$$$$$$$$$
                 225 ROM->addr => 0x00000058
                 225 PC->next => 0x0000005c
                $$$$$$$$$$$$$$$$$$$$$$$$$$$$$$$$$$$$$$$$
                 235 ROM->addr => 0x0000005c
                 235 PC->next => 0x00000060
                $$$$$$$$$$$$$$$$$$$$$$$$$$$$$$$$$$$$$$$$
                 245 ROM->addr => 0x00000060
                 245 PC->next => 0x00000064
                $$$$$$$$$$$$$$$$$$$$$$$$$$$$$$$$$$$$$$$$
                 255 ROM->addr => 0x00000064
                 255 PC->next => 0x00000068
                $$$$$$$$$$$$$$$$$$$$$$$$$$$$$$$$$$$$$$$$
                 265 ROM->addr => 0x00000068
                 265 PC->next => 0x0000006c
                $$$$$$$$$$$$$$$$$$$$$$$$$$$$$$$$$$$$$$$$
                 275 ROM->addr => 0x0000006c
                 275 PC->next => 0x00000070
                $$$$$$$$$$$$$$$$$$$$$$$$$$$$$$$$$$$$$$$$
                 285 ROM->addr => 0x00000070
                 285 PC->next => 0x00000074
                $$$$$$$$$$$$$$$$$$$$$$$$$$$$$$$$$$$$$$$$
                 295 ROM->addr => 0x00000074
                 295 PC->next => 0x00000078
                $$$$$$$$$$$$$$$$$$$$$$$$$$$$$$$$$$$$$$$$
                 305 ROM->addr => 0x00000078
                 305 PC->next => 0x0000007c
                $$$$$$$$$$$$$$$$$$$$$$$$$$$$$$$$$$$$$$$$
                 315 ROM->addr => 0x0000007c
                 315 PC->next => 0x00000080
                $$$$$$$$$$$$$$$$$$$$$$$$$$$$$$$$$$$$$$$$
                 325 ROM->addr => 0x00000080
                 325 PC->next => 0x00000084
                $$$$$$$$$$$$$$$$$$$$$$$$$$$$$$$$$$$$$$$$
                 335 ROM->addr => 0x00000084
                 335 PC->next => 0x00000088
                $$$$$$$$$$$$$$$$$$$$$$$$$$$$$$$$$$$$$$$$
                 345 ROM->addr => 0x00000088
                 345 PC->next => 0x0000008c
                $$$$$$$$$$$$$$$$$$$$$$$$$$$$$$$$$$$$$$$$
                 355 ROM->addr => 0x0000008c
                 355 PC->next => 0x00000090
                $$$$$$$$$$$$$$$$$$$$$$$$$$$$$$$$$$$$$$$$
                 365 ROM->addr => 0x00000090
                 365 PC->next => 0x00000094
                $$$$$$$$$$$$$$$$$$$$$$$$$$$$$$$$$$$$$$$$
                 375 ROM->addr => 0x00000094
                 375 PC->next => 0x00000098
                $$$$$$$$$$$$$$$$$$$$$$$$$$$$$$$$$$$$$$$$
                 385 ROM->addr => 0x00000098
                 385 PC->next => 0x0000009c
                $$$$$$$$$$$$$$$$$$$$$$$$$$$$$$$$$$$$$$$$
                 395 ROM->addr => 0x0000009c
                 395 PC->next => 0x000000a0
                $$$$$$$$$$$$$$$$$$$$$$$$$$$$$$$$$$$$$$$$
                 405 ROM->addr => 0x000000a0
                 405 PC->next => 0x000000a4
                $$$$$$$$$$$$$$$$$$$$$$$$$$$$$$$$$$$$$$$$
                 415 ROM->addr => 0x000000a4
                 415 PC->next => 0x000000a8
                $$$$$$$$$$$$$$$$$$$$$$$$$$$$$$$$$$$$$$$$
                 425 ROM->addr => 0x000000a8
                 425 PC->next => 0x000000ac
                $$$$$$$$$$$$$$$$$$$$$$$$$$$$$$$$$$$$$$$$
                 435 ROM->addr => 0x000000ac
                 435 PC->next => 0x000000b0
                $$$$$$$$$$$$$$$$$$$$$$$$$$$$$$$$$$$$$$$$
                 445 ROM->addr => 0x000000b0
                 445 PC->next => 0x000000b4
                $$$$$$$$$$$$$$$$$$$$$$$$$$$$$$$$$$$$$$$$
                 455 ROM->addr => 0x000000b4
                 455 PC->next => 0x000000b8
                $$$$$$$$$$$$$$$$$$$$$$$$$$$$$$$$$$$$$$$$
                 465 ROM->addr => 0x000000b8
                 465 PC->next => 0x000000bc
                $$$$$$$$$$$$$$$$$$$$$$$$$$$$$$$$$$$$$$$$
                 475 ROM->addr => 0x000000bc
                 475 PC->next => 0x000000c0
                $$$$$$$$$$$$$$$$$$$$$$$$$$$$$$$$$$$$$$$$
                 485 ROM->addr => 0x000000c0
                 485 PC->next => 0x000000c4
                $$$$$$$$$$$$$$$$$$$$$$$$$$$$$$$$$$$$$$$$
                 495 ROM->addr => 0x000000c4
                 495 PC->next => 0x000000c8
                $$$$$$$$$$$$$$$$$$$$$$$$$$$$$$$$$$$$$$$$
                 505 ROM->addr => 0x000000c8
                 505 PC->next => 0x000000cc
                $$$$$$$$$$$$$$$$$$$$$$$$$$$$$$$$$$$$$$$$
                 515 ROM->addr => 0x000000cc
                 515 PC->next => 0x000000d0
                $$$$$$$$$$$$$$$$$$$$$$$$$$$$$$$$$$$$$$$$
                 525 ROM->addr => 0x000000d0
                 525 PC->next => 0x000000d4
                $$$$$$$$$$$$$$$$$$$$$$$$$$$$$$$$$$$$$$$$
                 535 ROM->addr => 0x000000d4
                 535 PC->next => 0x000000d8
                $$$$$$$$$$$$$$$$$$$$$$$$$$$$$$$$$$$$$$$$
                 545 ROM->addr => 0x000000d8
                 545 PC->next => 0x000000dc
                $$$$$$$$$$$$$$$$$$$$$$$$$$$$$$$$$$$$$$$$
                 555 ROM->addr => 0x000000dc
                 555 PC->next => 0x000000e0
                $$$$$$$$$$$$$$$$$$$$$$$$$$$$$$$$$$$$$$$$
                 565 ROM->addr => 0x000000e0
                 565 PC->next => 0x000000e4
                $$$$$$$$$$$$$$$$$$$$$$$$$$$$$$$$$$$$$$$$
                 575 ROM->addr => 0x000000e4
                 575 PC->next => 0x000000e8
                $$$$$$$$$$$$$$$$$$$$$$$$$$$$$$$$$$$$$$$$
                 585 ROM->addr => 0x000000e8
                 585 PC->next => 0x000000ec
                $$$$$$$$$$$$$$$$$$$$$$$$$$$$$$$$$$$$$$$$
                 595 ROM->addr => 0x000000ec
                 595 PC->next => 0x000000f0
                $$$$$$$$$$$$$$$$$$$$$$$$$$$$$$$$$$$$$$$$
                 605 ROM->addr => 0x000000f0
                 605 PC->next => 0x000000f4
                $$$$$$$$$$$$$$$$$$$$$$$$$$$$$$$$$$$$$$$$
                 615 ROM->addr => 0x000000f4
                 615 PC->next => 0x000000f8
                $$$$$$$$$$$$$$$$$$$$$$$$$$$$$$$$$$$$$$$$
                 625 ROM->addr => 0x000000f8
                 625 PC->next => 0x000000fc
                $$$$$$$$$$$$$$$$$$$$$$$$$$$$$$$$$$$$$$$$
                 635 ROM->addr => 0x000000fc
                 635 PC->next => 0x00000100
                $$$$$$$$$$$$$$$$$$$$$$$$$$$$$$$$$$$$$$$$
                 645 ROM->addr => 0x00000100
                 645 PC->next => 0x00000104
                $$$$$$$$$$$$$$$$$$$$$$$$$$$$$$$$$$$$$$$$
                 655 ROM->addr => 0x00000104
                 655 PC->next => 0x00000108
                $$$$$$$$$$$$$$$$$$$$$$$$$$$$$$$$$$$$$$$$
                 665 ROM->addr => 0x00000108
                 665 PC->next => 0x0000010c
                $$$$$$$$$$$$$$$$$$$$$$$$$$$$$$$$$$$$$$$$
                 675 ROM->addr => 0x0000010c
                 675 PC->next => 0x00000110
                $$$$$$$$$$$$$$$$$$$$$$$$$$$$$$$$$$$$$$$$
                 685 ROM->addr => 0x00000110
                 685 PC->next => 0x00000114
                $$$$$$$$$$$$$$$$$$$$$$$$$$$$$$$$$$$$$$$$
                 695 ROM->addr => 0x00000114
                 695 PC->next => 0x00000118
                $$$$$$$$$$$$$$$$$$$$$$$$$$$$$$$$$$$$$$$$
                 705 ROM->addr => 0x00000118
                 705 PC->next => 0x0000011c
                $$$$$$$$$$$$$$$$$$$$$$$$$$$$$$$$$$$$$$$$
                 715 ROM->addr => 0x0000011c
                 715 PC->next => 0x00000120
                $$$$$$$$$$$$$$$$$$$$$$$$$$$$$$$$$$$$$$$$
                 725 ROM->addr => 0x00000120
                 725 PC->next => 0x00000124
                $$$$$$$$$$$$$$$$$$$$$$$$$$$$$$$$$$$$$$$$
                 735 ROM->addr => 0x00000124
                 735 PC->next => 0x00000128
                $$$$$$$$$$$$$$$$$$$$$$$$$$$$$$$$$$$$$$$$
                 745 ROM->addr => 0x00000128
                 745 PC->next => 0x0000012c
                $$$$$$$$$$$$$$$$$$$$$$$$$$$$$$$$$$$$$$$$
                 755 ROM->addr => 0x0000012c
                 755 PC->next => 0x00000130
                $$$$$$$$$$$$$$$$$$$$$$$$$$$$$$$$$$$$$$$$
                 765 ROM->addr => 0x00000130
                 765 PC->next => 0x00000134
                $$$$$$$$$$$$$$$$$$$$$$$$$$$$$$$$$$$$$$$$
                 775 ROM->addr => 0x00000134
                 775 PC->next => 0x00000138
                $$$$$$$$$$$$$$$$$$$$$$$$$$$$$$$$$$$$$$$$
                 785 ROM->addr => 0x00000138
                 785 PC->next => 0x0000013c
                $$$$$$$$$$$$$$$$$$$$$$$$$$$$$$$$$$$$$$$$
                 795 ROM->addr => 0x0000013c
                 795 PC->next => 0x00000140
                $$$$$$$$$$$$$$$$$$$$$$$$$$$$$$$$$$$$$$$$
                 805 ROM->addr => 0x00000140
                 805 PC->next => 0x00000144
                $$$$$$$$$$$$$$$$$$$$$$$$$$$$$$$$$$$$$$$$
                 815 ROM->addr => 0x00000144
                 815 PC->next => 0x00000148
                $$$$$$$$$$$$$$$$$$$$$$$$$$$$$$$$$$$$$$$$
                 825 ROM->addr => 0x00000148
                 825 PC->next => 0x0000014c
                $$$$$$$$$$$$$$$$$$$$$$$$$$$$$$$$$$$$$$$$
                 835 ROM->addr => 0x0000014c
                 835 PC->next => 0x00000150
                $$$$$$$$$$$$$$$$$$$$$$$$$$$$$$$$$$$$$$$$
                 845 ROM->addr => 0x00000150
                 845 PC->next => 0x00000154
                $$$$$$$$$$$$$$$$$$$$$$$$$$$$$$$$$$$$$$$$
                 855 ROM->addr => 0x00000154
                 855 PC->next => 0x00000158
                $$$$$$$$$$$$$$$$$$$$$$$$$$$$$$$$$$$$$$$$
                 865 ROM->addr => 0x00000158
                 865 PC->next => 0x0000015c
                $$$$$$$$$$$$$$$$$$$$$$$$$$$$$$$$$$$$$$$$
                 875 ROM->addr => 0x0000015c
                 875 PC->next => 0x00000160
                $$$$$$$$$$$$$$$$$$$$$$$$$$$$$$$$$$$$$$$$
                 885 ROM->addr => 0x00000160
                 885 PC->next => 0x00000164
                $$$$$$$$$$$$$$$$$$$$$$$$$$$$$$$$$$$$$$$$
                 895 ROM->addr => 0x00000164
                 895 PC->next => 0x00000168
                $$$$$$$$$$$$$$$$$$$$$$$$$$$$$$$$$$$$$$$$
                 905 ROM->addr => 0x00000168
                 905 PC->next => 0x0000016c
                $$$$$$$$$$$$$$$$$$$$$$$$$$$$$$$$$$$$$$$$
                 915 ROM->addr => 0x0000016c
                 915 PC->next => 0x00000170
                $$$$$$$$$$$$$$$$$$$$$$$$$$$$$$$$$$$$$$$$
                 925 ROM->addr => 0x00000170
                 925 PC->next => 0x00000174
                $$$$$$$$$$$$$$$$$$$$$$$$$$$$$$$$$$$$$$$$
                 935 ROM->addr => 0x00000174
                 935 PC->next => 0x00000178
                $$$$$$$$$$$$$$$$$$$$$$$$$$$$$$$$$$$$$$$$
                 945 ROM->addr => 0x00000178
                 945 PC->next => 0x0000017c
                $$$$$$$$$$$$$$$$$$$$$$$$$$$$$$$$$$$$$$$$
                 955 ROM->addr => 0x0000017c
                 955 PC->next => 0x00000180
                $$$$$$$$$$$$$$$$$$$$$$$$$$$$$$$$$$$$$$$$
                 965 ROM->addr => 0x00000180
                 965 PC->next => 0x00000184
                $$$$$$$$$$$$$$$$$$$$$$$$$$$$$$$$$$$$$$$$
                 975 ROM->addr => 0x00000184
                 975 PC->next => 0x00000188
                $$$$$$$$$$$$$$$$$$$$$$$$$$$$$$$$$$$$$$$$
                 985 ROM->addr => 0x00000188
                 985 PC->next => 0x0000018c
                $$$$$$$$$$$$$$$$$$$$$$$$$$$$$$$$$$$$$$$$
                 995 ROM->addr => 0x0000018c
                 995 PC->next => 0x00000190
